0 info it worked if it ends with ok
1 verbose cli [ '/usr/bin/nodejs', '/usr/bin/npm', 'stop' ]
2 info using npm@3.10.8
3 info using node@v6.9.1
4 verbose run-script [ 'prestop', 'stop', 'poststop' ]
5 info lifecycle apex-inventory@1.0.0~prestop: apex-inventory@1.0.0
6 silly lifecycle apex-inventory@1.0.0~prestop: no script for prestop, continuing
7 info lifecycle apex-inventory@1.0.0~stop: apex-inventory@1.0.0
8 verbose lifecycle apex-inventory@1.0.0~stop: unsafe-perm in lifecycle true
9 verbose lifecycle apex-inventory@1.0.0~stop: PATH: /usr/lib/node_modules/npm/bin/node-gyp-bin:/home/allenii/workspace/apex-inventory/node_modules/.bin:/usr/local/sbin:/usr/local/bin:/usr/sbin:/usr/bin:/sbin:/bin:/snap/bin
10 verbose lifecycle apex-inventory@1.0.0~stop: CWD: /home/allenii/workspace/apex-inventory
11 silly lifecycle apex-inventory@1.0.0~stop: Args: [ '-c', 'pkill mongod && exit 1' ]
12 silly lifecycle apex-inventory@1.0.0~stop: Returned: code: 1  signal: null
13 info lifecycle apex-inventory@1.0.0~stop: Failed to exec stop script
14 verbose stack Error: apex-inventory@1.0.0 stop: `pkill mongod && exit 1`
14 verbose stack Exit status 1
14 verbose stack     at EventEmitter.<anonymous> (/usr/lib/node_modules/npm/lib/utils/lifecycle.js:255:16)
14 verbose stack     at emitTwo (events.js:106:13)
14 verbose stack     at EventEmitter.emit (events.js:191:7)
14 verbose stack     at ChildProcess.<anonymous> (/usr/lib/node_modules/npm/lib/utils/spawn.js:40:14)
14 verbose stack     at emitTwo (events.js:106:13)
14 verbose stack     at ChildProcess.emit (events.js:191:7)
14 verbose stack     at maybeClose (internal/child_process.js:877:16)
14 verbose stack     at Process.ChildProcess._handle.onexit (internal/child_process.js:226:5)
15 verbose pkgid apex-inventory@1.0.0
16 verbose cwd /home/allenii/workspace/apex-inventory
17 error Linux 4.4.0-47-generic
18 error argv "/usr/bin/nodejs" "/usr/bin/npm" "stop"
19 error node v6.9.1
20 error npm  v3.10.8
21 error code ELIFECYCLE
22 error apex-inventory@1.0.0 stop: `pkill mongod && exit 1`
22 error Exit status 1
23 error Failed at the apex-inventory@1.0.0 stop script 'pkill mongod && exit 1'.
23 error Make sure you have the latest version of node.js and npm installed.
23 error If you do, this is most likely a problem with the apex-inventory package,
23 error not with npm itself.
23 error Tell the author that this fails on your system:
23 error     pkill mongod && exit 1
23 error You can get information on how to open an issue for this project with:
23 error     npm bugs apex-inventory
23 error Or if that isn't available, you can get their info via:
23 error     npm owner ls apex-inventory
23 error There is likely additional logging output above.
24 verbose exit [ 1, true ]
